22:12:29 **** Build of configuration Debug for project SandraTest ****
make all 
Building file: ../Directory.cpp
Invoking: GCC C++ Compiler
g++ -std=c++0x -O0 -g3 -Wall -c -fmessage-length=0 `pkg-config --cflags gtk+-2.0` -I../MiniLib -MMD -MP -MF"Directory.d" -MT"Directory.d" -o "Directory.o" "../Directory.cpp"
Finished building: ../Directory.cpp
 
Building file: ../FSNode.cpp
Invoking: GCC C++ Compiler
g++ -std=c++0x -O0 -g3 -Wall -c -fmessage-length=0 `pkg-config --cflags gtk+-2.0` -I../MiniLib -MMD -MP -MF"FSNode.d" -MT"FSNode.d" -o "FSNode.o" "../FSNode.cpp"
Finished building: ../FSNode.cpp
 
Building file: ../File.cpp
Invoking: GCC C++ Compiler
g++ -std=c++0x -O0 -g3 -Wall -c -fmessage-length=0 `pkg-config --cflags gtk+-2.0` -I../MiniLib -MMD -MP -MF"File.d" -MT"File.d" -o "File.o" "../File.cpp"
Finished building: ../File.cpp
 
Building file: ../FileSystem.cpp
Invoking: GCC C++ Compiler
g++ -std=c++0x -O0 -g3 -Wall -c -fmessage-length=0 `pkg-config --cflags gtk+-2.0` -I../MiniLib -MMD -MP -MF"FileSystem.d" -MT"FileSystem.d" -o "FileSystem.o" "../FileSystem.cpp"
../FileSystem.cpp: In member function ‘virtual std::string FileSystem::getLastDir(const string&)’:
../FileSystem.cpp:108:19: warning: deprecated conversion from string constant to ‘char*’ [-Wwrite-strings]
   char *lastDir = "";
                   ^
../FileSystem.cpp: In member function ‘virtual FSNode* FileSystem::findNode(const string&, FSNode*) const’:
../FileSystem.cpp:88:1: warning: control reaches end of non-void function [-Wreturn-type]
 }
 ^
Finished building: ../FileSystem.cpp
 
Building file: ../Node.cpp
Invoking: GCC C++ Compiler
g++ -std=c++0x -O0 -g3 -Wall -c -fmessage-length=0 `pkg-config --cflags gtk+-2.0` -I../MiniLib -MMD -MP -MF"Node.d" -MT"Node.d" -o "Node.o" "../Node.cpp"
Finished building: ../Node.cpp
 
Building file: ../Tree.cpp
Invoking: GCC C++ Compiler
g++ -std=c++0x -O0 -g3 -Wall -c -fmessage-length=0 `pkg-config --cflags gtk+-2.0` -I../MiniLib -MMD -MP -MF"Tree.d" -MT"Tree.d" -o "Tree.o" "../Tree.cpp"
../Tree.cpp: In member function ‘Tree& Tree::operator=(const Tree&)’:
../Tree.cpp:51:1: warning: no return statement in function returning non-void [-Wreturn-type]
 }
 ^
../Tree.cpp: In member function ‘virtual Node* Tree::findNode(Node*, Node*) const’:
../Tree.cpp:117:1: warning: control reaches end of non-void function [-Wreturn-type]
 }
 ^
Finished building: ../Tree.cpp
 
Building file: ../main.cpp
Invoking: GCC C++ Compiler
g++ -std=c++0x -O0 -g3 -Wall -c -fmessage-length=0 `pkg-config --cflags gtk+-2.0` -I../MiniLib -MMD -MP -MF"main.d" -MT"main.d" -o "main.o" "../main.cpp"
Finished building: ../main.cpp
 
Building target: SandraTest
Invoking: GCC C++ Linker
g++ `pkg-config --libs gtk+-2.0` -o "SandraTest"  ./Directory.o ./FSNode.o ./File.o ./FileSystem.o ./Node.o ./Tree.o ./main.o   
Finished building target: SandraTest
 
22:12:43 **** Incremental Build of configuration Debug for project SandraTest ****
make all 
make: Nothing to be done for `all'.
22:14:15 **** Incremental Build of configuration Debug for project SandraTest ****
make all 
make: Nothing to be done for `all'.
22:16:43 **** Clean-only build of configuration Debug for project SandraTest ****
make clean 
rm -rf  ./Directory.o ./FSNode.o ./File.o ./FileSystem.o ./Node.o ./Tree.o ./main.o  ./Directory.d ./FSNode.d ./File.d ./FileSystem.d ./Node.d ./Tree.d ./main.d  SandraTest
 
22:16:43 **** Incremental Build of configuration Debug for project SandraTest ****
make all 
Building file: ../Directory.cpp
Invoking: GCC C++ Compiler
g++ -std=c++0x -O0 -g3 -Wall -c -fmessage-length=0 `pkg-config --cflags gtk+-2.0` -I../MiniLib -MMD -MP -MF"Directory.d" -MT"Directory.d" -o "Directory.o" "../Directory.cpp"
Finished building: ../Directory.cpp
 
Building file: ../FSNode.cpp
Invoking: GCC C++ Compiler
g++ -std=c++0x -O0 -g3 -Wall -c -fmessage-length=0 `pkg-config --cflags gtk+-2.0` -I../MiniLib -MMD -MP -MF"FSNode.d" -MT"FSNode.d" -o "FSNode.o" "../FSNode.cpp"
Finished building: ../FSNode.cpp
 
Building file: ../File.cpp
Invoking: GCC C++ Compiler
g++ -std=c++0x -O0 -g3 -Wall -c -fmessage-length=0 `pkg-config --cflags gtk+-2.0` -I../MiniLib -MMD -MP -MF"File.d" -MT"File.d" -o "File.o" "../File.cpp"
Finished building: ../File.cpp
 
Building file: ../FileSystem.cpp
Invoking: GCC C++ Compiler
g++ -std=c++0x -O0 -g3 -Wall -c -fmessage-length=0 `pkg-config --cflags gtk+-2.0` -I../MiniLib -MMD -MP -MF"FileSystem.d" -MT"FileSystem.d" -o "FileSystem.o" "../FileSystem.cpp"
../FileSystem.cpp: In member function ‘virtual std::string FileSystem::getLastDir(const string&)’:
../FileSystem.cpp:108:19: warning: deprecated conversion from string constant to ‘char*’ [-Wwrite-strings]
   char *lastDir = "";
                   ^
../FileSystem.cpp: In member function ‘virtual FSNode* FileSystem::findNode(const string&, FSNode*) const’:
../FileSystem.cpp:88:1: warning: control reaches end of non-void function [-Wreturn-type]
 }
 ^
Finished building: ../FileSystem.cpp
 
Building file: ../Node.cpp
Invoking: GCC C++ Compiler
g++ -std=c++0x -O0 -g3 -Wall -c -fmessage-length=0 `pkg-config --cflags gtk+-2.0` -I../MiniLib -MMD -MP -MF"Node.d" -MT"Node.d" -o "Node.o" "../Node.cpp"
Finished building: ../Node.cpp
 
Building file: ../Tree.cpp
Invoking: GCC C++ Compiler
g++ -std=c++0x -O0 -g3 -Wall -c -fmessage-length=0 `pkg-config --cflags gtk+-2.0` -I../MiniLib -MMD -MP -MF"Tree.d" -MT"Tree.d" -o "Tree.o" "../Tree.cpp"
../Tree.cpp: In member function ‘Tree& Tree::operator=(const Tree&)’:
../Tree.cpp:51:1: warning: no return statement in function returning non-void [-Wreturn-type]
 }
 ^
../Tree.cpp: In member function ‘virtual Node* Tree::findNode(Node*, Node*) const’:
../Tree.cpp:117:1: warning: control reaches end of non-void function [-Wreturn-type]
 }
 ^
Finished building: ../Tree.cpp
 
Building file: ../main.cpp
Invoking: GCC C++ Compiler
g++ -std=c++0x -O0 -g3 -Wall -c -fmessage-length=0 `pkg-config --cflags gtk+-2.0` -I../MiniLib -MMD -MP -MF"main.d" -MT"main.d" -o "main.o" "../main.cpp"
Finished building: ../main.cpp
 
Building target: SandraTest
Invoking: GCC C++ Linker
g++ `pkg-config --libs gtk+-2.0` -o "SandraTest"  ./Directory.o ./FSNode.o ./File.o ./FileSystem.o ./Node.o ./Tree.o ./main.o   
Finished building target: SandraTest
 
22:17:45 **** Incremental Build of configuration Debug for project SandraTest ****
make all 
Building target: SandraTest
Invoking: GCC C++ Linker
g++ `pkg-config --libs gtk+-2.0` -o "SandraTest"  ./Directory.o ./FSNode.o ./File.o ./FileSystem.o ./Node.o ./Tree.o ./main.o   
Finished building target: SandraTest
 
22:17:47 **** Incremental Build of configuration Debug for project SandraTest ****
make all 
make: Nothing to be done for `all'.
22:21:58 **** Incremental Build of configuration Debug for project SandraTest ****
make all 
Building file: ../FileSystem.cpp
Invoking: GCC C++ Compiler
g++ -std=c++0x -O0 -g3 -Wall -c -fmessage-length=0 `pkg-config --cflags gtk+-2.0` -I../MiniLib -MMD -MP -MF"FileSystem.d" -MT"FileSystem.d" -o "FileSystem.o" "../FileSystem.cpp"
../FileSystem.cpp: In member function ‘virtual std::string FileSystem::getLastDir(const string&)’:
../FileSystem.cpp:109:18: warning: deprecated conversion from string constant to ‘char*’ [-Wwrite-strings]
  char *lastDir = "";
                  ^
../FileSystem.cpp: In member function ‘virtual FSNode* FileSystem::findNode(const string&, FSNode*) const’:
../FileSystem.cpp:90:1: warning: control reaches end of non-void function [-Wreturn-type]
 }
 ^
Finished building: ../FileSystem.cpp
 
Building target: SandraTest
Invoking: GCC C++ Linker
g++ `pkg-config --libs gtk+-2.0` -o "SandraTest"  ./Directory.o ./FSNode.o ./File.o ./FileSystem.o ./Node.o ./Tree.o ./main.o   
Finished building target: SandraTest
 
22:22:24 **** Incremental Build of configuration Debug for project SandraTest ****
make all 
make: Nothing to be done for `all'.
22:26:20 **** Incremental Build of configuration Debug for project SandraTest ****
make all 
Building file: ../FileSystem.cpp
Invoking: GCC C++ Compiler
g++ -std=c++0x -O0 -g3 -Wall -c -fmessage-length=0 `pkg-config --cflags gtk+-2.0` -I../MiniLib -MMD -MP -MF"FileSystem.d" -MT"FileSystem.d" -o "FileSystem.o" "../FileSystem.cpp"
../FileSystem.cpp: In member function ‘virtual std::string FileSystem::getLastDir(const string&)’:
../FileSystem.cpp:107:18: warning: deprecated conversion from string constant to ‘char*’ [-Wwrite-strings]
  char *lastDir = "";
                  ^
../FileSystem.cpp: In member function ‘virtual FSNode* FileSystem::findNode(const string&, FSNode*) const’:
../FileSystem.cpp:88:1: warning: control reaches end of non-void function [-Wreturn-type]
 }
 ^
Finished building: ../FileSystem.cpp
 
Building target: SandraTest
Invoking: GCC C++ Linker
g++ `pkg-config --libs gtk+-2.0` -o "SandraTest"  ./Directory.o ./FSNode.o ./File.o ./FileSystem.o ./Node.o ./Tree.o ./main.o   
Finished building target: SandraTest
 
22:33:59 **** Incremental Build of configuration Debug for project SandraTest ****
make all 
Building file: ../FileSystem.cpp
Invoking: GCC C++ Compiler
g++ -std=c++0x -O0 -g3 -Wall -c -fmessage-length=0 `pkg-config --cflags gtk+-2.0` -I../MiniLib -MMD -MP -MF"FileSystem.d" -MT"FileSystem.d" -o "FileSystem.o" "../FileSystem.cpp"
../FileSystem.cpp: In member function ‘virtual std::string FileSystem::getLastDir(const string&)’:
../FileSystem.cpp:108:19: warning: deprecated conversion from string constant to ‘char*’ [-Wwrite-strings]
   char *lastDir = "";
                   ^
../FileSystem.cpp: In member function ‘virtual FSNode* FileSystem::findNode(const string&, FSNode*) const’:
../FileSystem.cpp:88:1: warning: control reaches end of non-void function [-Wreturn-type]
 }
 ^
Finished building: ../FileSystem.cpp
 
Building file: ../Tree.cpp
Invoking: GCC C++ Compiler
g++ -std=c++0x -O0 -g3 -Wall -c -fmessage-length=0 `pkg-config --cflags gtk+-2.0` -I../MiniLib -MMD -MP -MF"Tree.d" -MT"Tree.d" -o "Tree.o" "../Tree.cpp"
../Tree.cpp: In member function ‘Tree& Tree::operator=(const Tree&)’:
../Tree.cpp:51:1: warning: no return statement in function returning non-void [-Wreturn-type]
 }
 ^
../Tree.cpp: In member function ‘virtual Node* Tree::findNode(Node*, Node*) const’:
../Tree.cpp:117:1: warning: control reaches end of non-void function [-Wreturn-type]
 }
 ^
Finished building: ../Tree.cpp
 
Building file: ../main.cpp
Invoking: GCC C++ Compiler
g++ -std=c++0x -O0 -g3 -Wall -c -fmessage-length=0 `pkg-config --cflags gtk+-2.0` -I../MiniLib -MMD -MP -MF"main.d" -MT"main.d" -o "main.o" "../main.cpp"
Finished building: ../main.cpp
 
Building target: SandraTest
Invoking: GCC C++ Linker
g++ `pkg-config --libs gtk+-2.0` -o "SandraTest"  ./Directory.o ./FSNode.o ./File.o ./FileSystem.o ./Node.o ./Tree.o ./main.o   
Finished building target: SandraTest
 
22:35:13 **** Incremental Build of configuration Debug for project SandraTest ****
make all 
Building file: ../FileSystem.cpp
Invoking: GCC C++ Compiler
g++ -std=c++0x -O0 -g3 -Wall -c -fmessage-length=0 `pkg-config --cflags gtk+-2.0` -I../MiniLib -MMD -MP -MF"FileSystem.d" -MT"FileSystem.d" -o "FileSystem.o" "../FileSystem.cpp"
../FileSystem.cpp: In member function ‘virtual std::string FileSystem::getLastDir(const string&)’:
../FileSystem.cpp:109:19: warning: deprecated conversion from string constant to ‘char*’ [-Wwrite-strings]
   char *lastDir = "";
                   ^
../FileSystem.cpp: In member function ‘virtual FSNode* FileSystem::findNode(const string&, FSNode*) const’:
../FileSystem.cpp:89:1: warning: control reaches end of non-void function [-Wreturn-type]
 }
 ^
Finished building: ../FileSystem.cpp
 
Building target: SandraTest
Invoking: GCC C++ Linker
g++ `pkg-config --libs gtk+-2.0` -o "SandraTest"  ./Directory.o ./FSNode.o ./File.o ./FileSystem.o ./Node.o ./Tree.o ./main.o   
Finished building target: SandraTest
 
22:36:37 **** Incremental Build of configuration Debug for project SandraTest ****
make all 
Building file: ../FileSystem.cpp
Invoking: GCC C++ Compiler
g++ -std=c++0x -O0 -g3 -Wall -c -fmessage-length=0 `pkg-config --cflags gtk+-2.0` -I../MiniLib -MMD -MP -MF"FileSystem.d" -MT"FileSystem.d" -o "FileSystem.o" "../FileSystem.cpp"
../FileSystem.cpp: In member function ‘virtual std::string FileSystem::getLastDir(const string&)’:
../FileSystem.cpp:109:19: warning: deprecated conversion from string constant to ‘char*’ [-Wwrite-strings]
   char *lastDir = "";
                   ^
../FileSystem.cpp: In member function ‘virtual FSNode* FileSystem::findNode(const string&, FSNode*) const’:
../FileSystem.cpp:89:1: warning: control reaches end of non-void function [-Wreturn-type]
 }
 ^
Finished building: ../FileSystem.cpp
 
Building target: SandraTest
Invoking: GCC C++ Linker
g++ `pkg-config --libs gtk+-2.0` -o "SandraTest"  ./Directory.o ./FSNode.o ./File.o ./FileSystem.o ./Node.o ./Tree.o ./main.o   
Finished building target: SandraTest
 
22:39:34 **** Incremental Build of configuration Debug for project SandraTest ****
make all 
Building file: ../FileSystem.cpp
Invoking: GCC C++ Compiler
g++ -std=c++0x -O0 -g3 -Wall -c -fmessage-length=0 `pkg-config --cflags gtk+-2.0` -I../MiniLib -MMD -MP -MF"FileSystem.d" -MT"FileSystem.d" -o "FileSystem.o" "../FileSystem.cpp"
../FileSystem.cpp: In member function ‘virtual std::string FileSystem::getLastDir(const string&)’:
../FileSystem.cpp:108:19: warning: deprecated conversion from string constant to ‘char*’ [-Wwrite-strings]
   char *lastDir = "";
                   ^
../FileSystem.cpp: In member function ‘virtual FSNode* FileSystem::findNode(const string&, FSNode*) const’:
../FileSystem.cpp:88:1: warning: control reaches end of non-void function [-Wreturn-type]
 }
 ^
Finished building: ../FileSystem.cpp
 
Building target: SandraTest
Invoking: GCC C++ Linker
g++ `pkg-config --libs gtk+-2.0` -o "SandraTest"  ./Directory.o ./FSNode.o ./File.o ./FileSystem.o ./Node.o ./Tree.o ./main.o   
Finished building target: SandraTest
 
22:40:02 **** Incremental Build of configuration Debug for project SandraTest ****
make all 
make: Nothing to be done for `all'.
22:40:36 **** Incremental Build of configuration Debug for project SandraTest ****
make all 
make: Nothing to be done for `all'.
22:42:47 **** Incremental Build of configuration Debug for project SandraTest ****
make all 
make: Nothing to be done for `all'.
22:44:18 **** Incremental Build of configuration Debug for project SandraTest ****
make all 
Building file: ../FileSystem.cpp
Invoking: GCC C++ Compiler
g++ -std=c++0x -O0 -g3 -Wall -c -fmessage-length=0 `pkg-config --cflags gtk+-2.0` -I../MiniLib -MMD -MP -MF"FileSystem.d" -MT"FileSystem.d" -o "FileSystem.o" "../FileSystem.cpp"
../FileSystem.cpp: In member function ‘virtual std::string FileSystem::getLastDir(const string&)’:
../FileSystem.cpp:108:19: warning: deprecated conversion from string constant to ‘char*’ [-Wwrite-strings]
   char *lastDir = "";
                   ^
../FileSystem.cpp: In member function ‘virtual FSNode* FileSystem::findNode(const string&, FSNode*) const’:
../FileSystem.cpp:88:1: warning: control reaches end of non-void function [-Wreturn-type]
 }
 ^
Finished building: ../FileSystem.cpp
 
Building target: SandraTest
Invoking: GCC C++ Linker
g++ `pkg-config --libs gtk+-2.0` -o "SandraTest"  ./Directory.o ./FSNode.o ./File.o ./FileSystem.o ./Node.o ./Tree.o ./main.o   
Finished building target: SandraTest
 
22:45:57 **** Incremental Build of configuration Debug for project SandraTest ****
make all 
make: stat: SandraTest: Permission denied
Building file: ../FileSystem.cpp
Invoking: GCC C++ Compiler
g++ -std=c++0x -O0 -g3 -Wall -c -fmessage-length=0 `pkg-config --cflags gtk+-2.0` -I../MiniLib -MMD -MP -MF"FileSystem.d" -MT"FileSystem.d" -o "FileSystem.o" "../FileSystem.cpp"
../FileSystem.cpp: In member function ‘virtual std::string FileSystem::getLastDir(const string&)’:
../FileSystem.cpp:107:19: warning: deprecated conversion from string constant to ‘char*’ [-Wwrite-strings]
   char *lastDir = "";
                   ^
../FileSystem.cpp: In member function ‘virtual FSNode* FileSystem::findNode(const string&, FSNode*) const’:
../FileSystem.cpp:87:1: warning: control reaches end of non-void function [-Wreturn-type]
 }
 ^
Finished building: ../FileSystem.cpp
 
Building target: SandraTest
Invoking: GCC C++ Linker
g++ `pkg-config --libs gtk+-2.0` -o "SandraTest"  ./Directory.o ./FSNode.o ./File.o ./FileSystem.o ./Node.o ./Tree.o ./main.o   
/usr/bin/ld: cannot open output file SandraTest: Permission denied
collect2: error: ld returned 1 exit status
make: *** [SandraTest] Error 1
22:47:13 **** Incremental Build of configuration Debug for project SandraTest ****
make all 
Building target: SandraTest
Invoking: GCC C++ Linker
g++ `pkg-config --libs gtk+-2.0` -o "SandraTest"  ./Directory.o ./FSNode.o ./File.o ./FileSystem.o ./Node.o ./Tree.o ./main.o   
Finished building target: SandraTest
 
22:48:08 **** Incremental Build of configuration Debug for project SandraTest ****
make all 
Building file: ../FileSystem.cpp
Invoking: GCC C++ Compiler
g++ -std=c++0x -O0 -g3 -Wall -c -fmessage-length=0 `pkg-config --cflags gtk+-2.0` -I../MiniLib -MMD -MP -MF"FileSystem.d" -MT"FileSystem.d" -o "FileSystem.o" "../FileSystem.cpp"
../FileSystem.cpp: In member function ‘virtual void FileSystem::addNode(FSNode*, FSNode*)’:
../FileSystem.cpp:36:70: error: no matching function for call to ‘FileSystem::findNode(std::string, FSNode*)’
   FSNode *tmpNode = this->findNode(parent->getName(), this->getRoot());
                                                                      ^
../FileSystem.cpp:36:70: note: candidate is:
In file included from ../FileSystem.cpp:6:0:
../FileSystem.h:18:21: note: virtual FSNode* FileSystem::findNode(std::string&, FSNode*) const
     virtual FSNode* findNode(string& name, FSNode *start) const;
                     ^
../FileSystem.h:18:21: note:   no known conversion for argument 1 from ‘std::string {aka std::basic_string<char>}’ to ‘std::string& {aka std::basic_string<char>&}’
../FileSystem.cpp: At global scope:
../FileSystem.cpp:60:9: error: prototype for ‘FSNode* FileSystem::findNode(const string&, FSNode*) const’ does not match any in class ‘FileSystem’
 FSNode* FileSystem::findNode(const string& name, FSNode* start) const {
         ^
In file included from ../FileSystem.cpp:6:0:
../FileSystem.h:18:21: error: candidate is: virtual FSNode* FileSystem::findNode(std::string&, FSNode*) const
     virtual FSNode* findNode(string& name, FSNode *start) const;
                     ^
../FileSystem.cpp: In member function ‘virtual std::string FileSystem::getLastDir(const string&)’:
../FileSystem.cpp:107:19: warning: deprecated conversion from string constant to ‘char*’ [-Wwrite-strings]
   char *lastDir = "";
                   ^
../FileSystem.cpp: In member function ‘virtual void FileSystem::rm(const string&, const string&)’:
../FileSystem.cpp:164:52: error: no matching function for call to ‘FileSystem::findNode(const string&, FSNode*)’
   FSNode *node = findNode(filename, this->getRoot());
                                                    ^
../FileSystem.cpp:164:52: note: candidate is:
In file included from ../FileSystem.cpp:6:0:
../FileSystem.h:18:21: note: virtual FSNode* FileSystem::findNode(std::string&, FSNode*) const
     virtual FSNode* findNode(string& name, FSNode *start) const;
                     ^
../FileSystem.h:18:21: note:   no known conversion for argument 1 from ‘const string {aka const std::basic_string<char>}’ to ‘std::string& {aka std::basic_string<char>&}’
../FileSystem.cpp: In member function ‘virtual void FileSystem::rmdir(const string&, const string&)’:
../FileSystem.cpp:170:51: error: no matching function for call to ‘FileSystem::findNode(const string&, FSNode*)’
   FSNode *node = findNode(dirname, this->getRoot());
                                                   ^
../FileSystem.cpp:170:51: note: candidate is:
In file included from ../FileSystem.cpp:6:0:
../FileSystem.h:18:21: note: virtual FSNode* FileSystem::findNode(std::string&, FSNode*) const
     virtual FSNode* findNode(string& name, FSNode *start) const;
                     ^
../FileSystem.h:18:21: note:   no known conversion for argument 1 from ‘const string {aka const std::basic_string<char>}’ to ‘std::string& {aka std::basic_string<char>&}’
make: *** [FileSystem.o] Error 1
22:48:25 **** Incremental Build of configuration Debug for project MiniLib ****
make all 
make: Nothing to be done for `all'.
22:48:25 **** Incremental Build of configuration Debug for project SandraTest ****
make all 
Building file: ../FileSystem.cpp
Invoking: GCC C++ Compiler
g++ -std=c++0x -O0 -g3 -Wall -c -fmessage-length=0 `pkg-config --cflags gtk+-2.0` -I../MiniLib -MMD -MP -MF"FileSystem.d" -MT"FileSystem.d" -o "FileSystem.o" "../FileSystem.cpp"
../FileSystem.cpp: In member function ‘virtual void FileSystem::addNode(FSNode*, FSNode*)’:
../FileSystem.cpp:36:70: error: no matching function for call to ‘FileSystem::findNode(std::string, FSNode*)’
   FSNode *tmpNode = this->findNode(parent->getName(), this->getRoot());
                                                                      ^
../FileSystem.cpp:36:70: note: candidate is:
In file included from ../FileSystem.cpp:6:0:
../FileSystem.h:18:21: note: virtual FSNode* FileSystem::findNode(std::string&, FSNode*) const
     virtual FSNode* findNode(string& name, FSNode *start) const;
                     ^
../FileSystem.h:18:21: note:   no known conversion for argument 1 from ‘std::string {aka std::basic_string<char>}’ to ‘std::string& {aka std::basic_string<char>&}’
../FileSystem.cpp: In member function ‘virtual std::string FileSystem::getLastDir(const string&)’:
../FileSystem.cpp:107:19: warning: deprecated conversion from string constant to ‘char*’ [-Wwrite-strings]
   char *lastDir = "";
                   ^
../FileSystem.cpp: In member function ‘virtual void FileSystem::rm(const string&, const string&)’:
../FileSystem.cpp:164:52: error: no matching function for call to ‘FileSystem::findNode(const string&, FSNode*)’
   FSNode *node = findNode(filename, this->getRoot());
                                                    ^
../FileSystem.cpp:164:52: note: candidate is:
../FileSystem.cpp:60:9: note: virtual FSNode* FileSystem::findNode(std::string&, FSNode*) const
 FSNode* FileSystem::findNode(string& name, FSNode* start) const {
         ^
../FileSystem.cpp:60:9: note:   no known conversion for argument 1 from ‘const string {aka const std::basic_string<char>}’ to ‘std::string& {aka std::basic_string<char>&}’
../FileSystem.cpp: In member function ‘virtual void FileSystem::rmdir(const string&, const string&)’:
../FileSystem.cpp:170:51: error: no matching function for call to ‘FileSystem::findNode(const string&, FSNode*)’
   FSNode *node = findNode(dirname, this->getRoot());
                                                   ^
../FileSystem.cpp:170:51: note: candidate is:
../FileSystem.cpp:60:9: note: virtual FSNode* FileSystem::findNode(std::string&, FSNode*) const
 FSNode* FileSystem::findNode(string& name, FSNode* start) const {
         ^
../FileSystem.cpp:60:9: note:   no known conversion for argument 1 from ‘const string {aka const std::basic_string<char>}’ to ‘std::string& {aka std::basic_string<char>&}’
../FileSystem.cpp: In member function ‘virtual FSNode* FileSystem::findNode(std::string&, FSNode*) const’:
../FileSystem.cpp:87:1: warning: control reaches end of non-void function [-Wreturn-type]
 }
 ^
make: *** [FileSystem.o] Error 1
22:48:26 **** Clean-only build of configuration Debug for project Tree ****
make clean 
rm -rf  ./test/FileSystemTest.o ./test/TreeTest.o ./test/TreeTestsMain.o  ./Directory.o ./File.o ./FileSystem.o ./FsNode.o ./IntNode.o ./Node.o ./Tree.o  ./test/FileSystemTest.d ./test/TreeTest.d ./test/TreeTestsMain.d  ./Directory.d ./File.d ./FileSystem.d ./FsNode.d ./IntNode.d ./Node.d ./Tree.d  Tree
 
22:48:26 **** Incremental Build of configuration Debug for project Tree ****
make all 
Building file: ../test/FileSystemTest.cpp
Invoking: GCC C++ Compiler
g++ -std=c++0x -I"/mnt/hgfs/cchet/Documents/Git Repositories/Github/FH-Hagenberg/CPP/Semester 3/2014-15_minilib/eclipseWorkspace/MiniLib" -I"/mnt/hgfs/cchet/Documents/Git Repositories/Github/FH-Hagenberg/CPP/resources/boost" -I"/mnt/hgfs/cchet/Documents/Git Repositories/Github/FH-Hagenberg/CPP/resources/cute" -O0 -g3 -Wall -c -fmessage-length=0 `pkg-config --cflags gtk+-2.0` -I../MiniLib -MMD -MP -MF"test/FileSystemTest.d" -MT"test/FileSystemTest.d" -o "test/FileSystemTest.o" "../test/FileSystemTest.cpp"
Finished building: ../test/FileSystemTest.cpp
 
Building file: ../test/TreeTest.cpp
Invoking: GCC C++ Compiler
g++ -std=c++0x -I"/mnt/hgfs/cchet/Documents/Git Repositories/Github/FH-Hagenberg/CPP/Semester 3/2014-15_minilib/eclipseWorkspace/MiniLib" -I"/mnt/hgfs/cchet/Documents/Git Repositories/Github/FH-Hagenberg/CPP/resources/boost" -I"/mnt/hgfs/cchet/Documents/Git Repositories/Github/FH-Hagenberg/CPP/resources/cute" -O0 -g3 -Wall -c -fmessage-length=0 `pkg-config --cflags gtk+-2.0` -I../MiniLib -MMD -MP -MF"test/TreeTest.d" -MT"test/TreeTest.d" -o "test/TreeTest.o" "../test/TreeTest.cpp"
Finished building: ../test/TreeTest.cpp
 
Building file: ../test/TreeTestsMain.cpp
Invoking: GCC C++ Compiler
g++ -std=c++0x -I"/mnt/hgfs/cchet/Documents/Git Repositories/Github/FH-Hagenberg/CPP/Semester 3/2014-15_minilib/eclipseWorkspace/MiniLib" -I"/mnt/hgfs/cchet/Documents/Git Repositories/Github/FH-Hagenberg/CPP/resources/boost" -I"/mnt/hgfs/cchet/Documents/Git Repositories/Github/FH-Hagenberg/CPP/resources/cute" -O0 -g3 -Wall -c -fmessage-length=0 `pkg-config --cflags gtk+-2.0` -I../MiniLib -MMD -MP -MF"test/TreeTestsMain.d" -MT"test/TreeTestsMain.d" -o "test/TreeTestsMain.o" "../test/TreeTestsMain.cpp"
Finished building: ../test/TreeTestsMain.cpp
 
Building file: ../Directory.cpp
Invoking: GCC C++ Compiler
g++ -std=c++0x -I"/mnt/hgfs/cchet/Documents/Git Repositories/Github/FH-Hagenberg/CPP/Semester 3/2014-15_minilib/eclipseWorkspace/MiniLib" -I"/mnt/hgfs/cchet/Documents/Git Repositories/Github/FH-Hagenberg/CPP/resources/boost" -I"/mnt/hgfs/cchet/Documents/Git Repositories/Github/FH-Hagenberg/CPP/resources/cute" -O0 -g3 -Wall -c -fmessage-length=0 `pkg-config --cflags gtk+-2.0` -I../MiniLib -MMD -MP -MF"Directory.d" -MT"Directory.d" -o "Directory.o" "../Directory.cpp"
Finished building: ../Directory.cpp
 
Building file: ../File.cpp
Invoking: GCC C++ Compiler
g++ -std=c++0x -I"/mnt/hgfs/cchet/Documents/Git Repositories/Github/FH-Hagenberg/CPP/Semester 3/2014-15_minilib/eclipseWorkspace/MiniLib" -I"/mnt/hgfs/cchet/Documents/Git Repositories/Github/FH-Hagenberg/CPP/resources/boost" -I"/mnt/hgfs/cchet/Documents/Git Repositories/Github/FH-Hagenberg/CPP/resources/cute" -O0 -g3 -Wall -c -fmessage-length=0 `pkg-config --cflags gtk+-2.0` -I../MiniLib -MMD -MP -MF"File.d" -MT"File.d" -o "File.o" "../File.cpp"
Finished building: ../File.cpp
 
Building file: ../FileSystem.cpp
Invoking: GCC C++ Compiler
g++ -std=c++0x -I"/mnt/hgfs/cchet/Documents/Git Repositories/Github/FH-Hagenberg/CPP/Semester 3/2014-15_minilib/eclipseWorkspace/MiniLib" -I"/mnt/hgfs/cchet/Documents/Git Repositories/Github/FH-Hagenberg/CPP/resources/boost" -I"/mnt/hgfs/cchet/Documents/Git Repositories/Github/FH-Hagenberg/CPP/resources/cute" -O0 -g3 -Wall -c -fmessage-length=0 `pkg-config --cflags gtk+-2.0` -I../MiniLib -MMD -MP -MF"FileSystem.d" -MT"FileSystem.d" -o "FileSystem.o" "../FileSystem.cpp"
Finished building: ../FileSystem.cpp
 
Building file: ../FsNode.cpp
Invoking: GCC C++ Compiler
g++ -std=c++0x -I"/mnt/hgfs/cchet/Documents/Git Repositories/Github/FH-Hagenberg/CPP/Semester 3/2014-15_minilib/eclipseWorkspace/MiniLib" -I"/mnt/hgfs/cchet/Documents/Git Repositories/Github/FH-Hagenberg/CPP/resources/boost" -I"/mnt/hgfs/cchet/Documents/Git Repositories/Github/FH-Hagenberg/CPP/resources/cute" -O0 -g3 -Wall -c -fmessage-length=0 `pkg-config --cflags gtk+-2.0` -I../MiniLib -MMD -MP -MF"FsNode.d" -MT"FsNode.d" -o "FsNode.o" "../FsNode.cpp"
Finished building: ../FsNode.cpp
 
Building file: ../IntNode.cpp
Invoking: GCC C++ Compiler
g++ -std=c++0x -I"/mnt/hgfs/cchet/Documents/Git Repositories/Github/FH-Hagenberg/CPP/Semester 3/2014-15_minilib/eclipseWorkspace/MiniLib" -I"/mnt/hgfs/cchet/Documents/Git Repositories/Github/FH-Hagenberg/CPP/resources/boost" -I"/mnt/hgfs/cchet/Documents/Git Repositories/Github/FH-Hagenberg/CPP/resources/cute" -O0 -g3 -Wall -c -fmessage-length=0 `pkg-config --cflags gtk+-2.0` -I../MiniLib -MMD -MP -MF"IntNode.d" -MT"IntNode.d" -o "IntNode.o" "../IntNode.cpp"
Finished building: ../IntNode.cpp
 
Building file: ../Node.cpp
Invoking: GCC C++ Compiler
g++ -std=c++0x -I"/mnt/hgfs/cchet/Documents/Git Repositories/Github/FH-Hagenberg/CPP/Semester 3/2014-15_minilib/eclipseWorkspace/MiniLib" -I"/mnt/hgfs/cchet/Documents/Git Repositories/Github/FH-Hagenberg/CPP/resources/boost" -I"/mnt/hgfs/cchet/Documents/Git Repositories/Github/FH-Hagenberg/CPP/resources/cute" -O0 -g3 -Wall -c -fmessage-length=0 `pkg-config --cflags gtk+-2.0` -I../MiniLib -MMD -MP -MF"Node.d" -MT"Node.d" -o "Node.o" "../Node.cpp"
Finished building: ../Node.cpp
 
Building file: ../Tree.cpp
Invoking: GCC C++ Compiler
g++ -std=c++0x -I"/mnt/hgfs/cchet/Documents/Git Repositories/Github/FH-Hagenberg/CPP/Semester 3/2014-15_minilib/eclipseWorkspace/MiniLib" -I"/mnt/hgfs/cchet/Documents/Git Repositories/Github/FH-Hagenberg/CPP/resources/boost" -I"/mnt/hgfs/cchet/Documents/Git Repositories/Github/FH-Hagenberg/CPP/resources/cute" -O0 -g3 -Wall -c -fmessage-length=0 `pkg-config --cflags gtk+-2.0` -I../MiniLib -MMD -MP -MF"Tree.d" -MT"Tree.d" -o "Tree.o" "../Tree.cpp"
Finished building: ../Tree.cpp
 
Building target: Tree
Invoking: GCC C++ Linker
g++ -L"/mnt/hgfs/cchet/Documents/Git Repositories/Github/FH-Hagenberg/CPP/Semester 3/2014-15_minilib/eclipseWorkspace/MiniLib/Debug" `pkg-config --libs gtk+-2.0` -o "Tree"  ./test/FileSystemTest.o ./test/TreeTest.o ./test/TreeTestsMain.o  ./Directory.o ./File.o ./FileSystem.o ./FsNode.o ./IntNode.o ./Node.o ./Tree.o   -lML
Finished building target: Tree
 
22:48:59 **** Incremental Build of configuration Debug for project MiniLib ****
make all 
make: Nothing to be done for `all'.
22:48:59 **** Incremental Build of configuration Debug for project SandraTest ****
make all 
Building file: ../FileSystem.cpp
Invoking: GCC C++ Compiler
g++ -std=c++0x -O0 -g3 -Wall -c -fmessage-length=0 `pkg-config --cflags gtk+-2.0` -I../MiniLib -MMD -MP -MF"FileSystem.d" -MT"FileSystem.d" -o "FileSystem.o" "../FileSystem.cpp"
../FileSystem.cpp: In member function ‘virtual void FileSystem::addNode(FSNode*, FSNode*)’:
../FileSystem.cpp:36:70: error: no matching function for call to ‘FileSystem::findNode(std::string, FSNode*)’
   FSNode *tmpNode = this->findNode(parent->getName(), this->getRoot());
                                                                      ^
../FileSystem.cpp:36:70: note: candidate is:
In file included from ../FileSystem.cpp:6:0:
../FileSystem.h:18:21: note: virtual FSNode* FileSystem::findNode(std::string&, FSNode*) const
     virtual FSNode* findNode(string& name, FSNode *start) const;
                     ^
../FileSystem.h:18:21: note:   no known conversion for argument 1 from ‘std::string {aka std::basic_string<char>}’ to ‘std::string& {aka std::basic_string<char>&}’
../FileSystem.cpp: In member function ‘virtual std::string FileSystem::getLastDir(const string&)’:
../FileSystem.cpp:107:19: warning: deprecated conversion from string constant to ‘char*’ [-Wwrite-strings]
   char *lastDir = "";
                   ^
../FileSystem.cpp: In member function ‘virtual void FileSystem::rm(const string&, const string&)’:
../FileSystem.cpp:164:52: error: no matching function for call to ‘FileSystem::findNode(const string&, FSNode*)’
   FSNode *node = findNode(filename, this->getRoot());
                                                    ^
../FileSystem.cpp:164:52: note: candidate is:
../FileSystem.cpp:60:9: note: virtual FSNode* FileSystem::findNode(std::string&, FSNode*) const
 FSNode* FileSystem::findNode(string& name, FSNode* start) const {
         ^
../FileSystem.cpp:60:9: note:   no known conversion for argument 1 from ‘const string {aka const std::basic_string<char>}’ to ‘std::string& {aka std::basic_string<char>&}’
../FileSystem.cpp: In member function ‘virtual void FileSystem::rmdir(const string&, const string&)’:
../FileSystem.cpp:170:51: error: no matching function for call to ‘FileSystem::findNode(const string&, FSNode*)’
   FSNode *node = findNode(dirname, this->getRoot());
                                                   ^
../FileSystem.cpp:170:51: note: candidate is:
../FileSystem.cpp:60:9: note: virtual FSNode* FileSystem::findNode(std::string&, FSNode*) const
 FSNode* FileSystem::findNode(string& name, FSNode* start) const {
         ^
../FileSystem.cpp:60:9: note:   no known conversion for argument 1 from ‘const string {aka const std::basic_string<char>}’ to ‘std::string& {aka std::basic_string<char>&}’
../FileSystem.cpp: In member function ‘virtual FSNode* FileSystem::findNode(std::string&, FSNode*) const’:
../FileSystem.cpp:87:1: warning: control reaches end of non-void function [-Wreturn-type]
 }
 ^
make: *** [FileSystem.o] Error 1
22:49:00 **** Incremental Build of configuration Debug for project Tree ****
make all 
make: Nothing to be done for `all'.
22:49:22 **** Incremental Build of configuration Debug for project MiniLib ****
make all 
make: Nothing to be done for `all'.
22:49:23 **** Incremental Build of configuration Debug for project SandraTest ****
make all 
Building file: ../FileSystem.cpp
Invoking: GCC C++ Compiler
g++ -std=c++0x -O0 -g3 -Wall -c -fmessage-length=0 `pkg-config --cflags gtk+-2.0` -I../MiniLib -MMD -MP -MF"FileSystem.d" -MT"FileSystem.d" -o "FileSystem.o" "../FileSystem.cpp"
../FileSystem.cpp: In member function ‘virtual void FileSystem::addNode(FSNode*, FSNode*)’:
../FileSystem.cpp:36:70: error: no matching function for call to ‘FileSystem::findNode(std::string, FSNode*)’
   FSNode *tmpNode = this->findNode(parent->getName(), this->getRoot());
                                                                      ^
../FileSystem.cpp:36:70: note: candidate is:
In file included from ../FileSystem.cpp:6:0:
../FileSystem.h:18:21: note: virtual FSNode* FileSystem::findNode(std::string&, FSNode*) const
     virtual FSNode* findNode(string& name, FSNode *start) const;
                     ^
../FileSystem.h:18:21: note:   no known conversion for argument 1 from ‘std::string {aka std::basic_string<char>}’ to ‘std::string& {aka std::basic_string<char>&}’
../FileSystem.cpp: In member function ‘virtual std::string FileSystem::getLastDir(const string&)’:
../FileSystem.cpp:107:19: warning: deprecated conversion from string constant to ‘char*’ [-Wwrite-strings]
   char *lastDir = "";
                   ^
../FileSystem.cpp: In member function ‘virtual void FileSystem::rm(const string&, const string&)’:
../FileSystem.cpp:164:52: error: no matching function for call to ‘FileSystem::findNode(const string&, FSNode*)’
   FSNode *node = findNode(filename, this->getRoot());
                                                    ^
../FileSystem.cpp:164:52: note: candidate is:
../FileSystem.cpp:60:9: note: virtual FSNode* FileSystem::findNode(std::string&, FSNode*) const
 FSNode* FileSystem::findNode(string& name, FSNode* start) const {
         ^
../FileSystem.cpp:60:9: note:   no known conversion for argument 1 from ‘const string {aka const std::basic_string<char>}’ to ‘std::string& {aka std::basic_string<char>&}’
../FileSystem.cpp: In member function ‘virtual void FileSystem::rmdir(const string&, const string&)’:
../FileSystem.cpp:170:51: error: no matching function for call to ‘FileSystem::findNode(const string&, FSNode*)’
   FSNode *node = findNode(dirname, this->getRoot());
                                                   ^
../FileSystem.cpp:170:51: note: candidate is:
../FileSystem.cpp:60:9: note: virtual FSNode* FileSystem::findNode(std::string&, FSNode*) const
 FSNode* FileSystem::findNode(string& name, FSNode* start) const {
         ^
../FileSystem.cpp:60:9: note:   no known conversion for argument 1 from ‘const string {aka const std::basic_string<char>}’ to ‘std::string& {aka std::basic_string<char>&}’
../FileSystem.cpp: In member function ‘virtual FSNode* FileSystem::findNode(std::string&, FSNode*) const’:
../FileSystem.cpp:87:1: warning: control reaches end of non-void function [-Wreturn-type]
 }
 ^
make: *** [FileSystem.o] Error 1
22:49:24 **** Incremental Build of configuration Debug for project Tree ****
make all 
make: Nothing to be done for `all'.
22:49:56 **** Incremental Build of configuration Debug for project MiniLib ****
make all 
make: Nothing to be done for `all'.
22:49:57 **** Incremental Build of configuration Debug for project SandraTest ****
make all 
Building file: ../FileSystem.cpp
Invoking: GCC C++ Compiler
g++ -std=c++0x -O0 -g3 -Wall -c -fmessage-length=0 `pkg-config --cflags gtk+-2.0` -I../MiniLib -MMD -MP -MF"FileSystem.d" -MT"FileSystem.d" -o "FileSystem.o" "../FileSystem.cpp"
../FileSystem.cpp: In member function ‘virtual std::string FileSystem::getLastDir(const string&)’:
../FileSystem.cpp:107:19: warning: deprecated conversion from string constant to ‘char*’ [-Wwrite-strings]
   char *lastDir = "";
                   ^
../FileSystem.cpp: In member function ‘virtual FSNode* FileSystem::findNode(const string&, FSNode*) const’:
../FileSystem.cpp:87:1: warning: control reaches end of non-void function [-Wreturn-type]
 }
 ^
Finished building: ../FileSystem.cpp
 
Building file: ../main.cpp
Invoking: GCC C++ Compiler
g++ -std=c++0x -O0 -g3 -Wall -c -fmessage-length=0 `pkg-config --cflags gtk+-2.0` -I../MiniLib -MMD -MP -MF"main.d" -MT"main.d" -o "main.o" "../main.cpp"
Finished building: ../main.cpp
 
Building target: SandraTest
Invoking: GCC C++ Linker
g++ `pkg-config --libs gtk+-2.0` -o "SandraTest"  ./Directory.o ./FSNode.o ./File.o ./FileSystem.o ./Node.o ./Tree.o ./main.o   
Finished building target: SandraTest
 
22:49:58 **** Incremental Build of configuration Debug for project Tree ****
make all 
make: Nothing to be done for `all'.
22:51:17 **** Incremental Build of configuration Debug for project SandraTest ****
make all 
Building file: ../FileSystem.cpp
Invoking: GCC C++ Compiler
g++ -std=c++0x -O0 -g3 -Wall -c -fmessage-length=0 `pkg-config --cflags gtk+-2.0` -I../MiniLib -MMD -MP -MF"FileSystem.d" -MT"FileSystem.d" -o "FileSystem.o" "../FileSystem.cpp"
../FileSystem.cpp: In member function ‘virtual std::string FileSystem::getLastDir(const string&)’:
../FileSystem.cpp:106:19: warning: deprecated conversion from string constant to ‘char*’ [-Wwrite-strings]
   char *lastDir = "";
                   ^
../FileSystem.cpp: In member function ‘virtual FSNode* FileSystem::findNode(const string&, FSNode*) const’:
../FileSystem.cpp:87:1: warning: control reaches end of non-void function [-Wreturn-type]
 }
 ^
Finished building: ../FileSystem.cpp
 
Building target: SandraTest
Invoking: GCC C++ Linker
g++ `pkg-config --libs gtk+-2.0` -o "SandraTest"  ./Directory.o ./FSNode.o ./File.o ./FileSystem.o ./Node.o ./Tree.o ./main.o   
Finished building target: SandraTest
 
22:51:43 **** Incremental Build of configuration Debug for project MiniLib ****
make all 
make: Nothing to be done for `all'.
22:51:43 **** Incremental Build of configuration Debug for project SandraTest ****
make all 
Building file: ../FileSystem.cpp
Invoking: GCC C++ Compiler
g++ -std=c++0x -O0 -g3 -Wall -c -fmessage-length=0 `pkg-config --cflags gtk+-2.0` -I../MiniLib -MMD -MP -MF"FileSystem.d" -MT"FileSystem.d" -o "FileSystem.o" "../FileSystem.cpp"
../FileSystem.cpp:98:8: error: prototype for ‘std::string FileSystem::getLastDir(const string&)’ does not match any in class ‘FileSystem’
 string FileSystem::getLastDir(const string& path) {
        ^
In file included from ../FileSystem.cpp:6:0:
../FileSystem.h:21:20: error: candidate is: virtual std::string FileSystem::getLastDir(std::string)
     virtual string getLastDir(const string path);
                    ^
../FileSystem.cpp: In member function ‘virtual FSNode* FileSystem::findNode(const string&, FSNode*) const’:
../FileSystem.cpp:87:1: warning: control reaches end of non-void function [-Wreturn-type]
 }
 ^
make: *** [FileSystem.o] Error 1
22:51:44 **** Incremental Build of configuration Debug for project Tree ****
make all 
make: Nothing to be done for `all'.
22:55:42 **** Incremental Build of configuration Debug for project SandraTest ****
make all 
Building file: ../FileSystem.cpp
Invoking: GCC C++ Compiler
g++ -std=c++0x -O0 -g3 -Wall -c -fmessage-length=0 `pkg-config --cflags gtk+-2.0` -I../MiniLib -MMD -MP -MF"FileSystem.d" -MT"FileSystem.d" -o "FileSystem.o" "../FileSystem.cpp"
../FileSystem.cpp: In member function ‘virtual std::string FileSystem::getLastDir(const string&)’:
../FileSystem.cpp:106:19: warning: deprecated conversion from string constant to ‘char*’ [-Wwrite-strings]
   char *lastDir = "";
                   ^
../FileSystem.cpp: In member function ‘virtual FSNode* FileSystem::findNode(const string&, FSNode*) const’:
../FileSystem.cpp:87:1: warning: control reaches end of non-void function [-Wreturn-type]
 }
 ^
Finished building: ../FileSystem.cpp
 
Building file: ../main.cpp
Invoking: GCC C++ Compiler
g++ -std=c++0x -O0 -g3 -Wall -c -fmessage-length=0 `pkg-config --cflags gtk+-2.0` -I../MiniLib -MMD -MP -MF"main.d" -MT"main.d" -o "main.o" "../main.cpp"
Finished building: ../main.cpp
 
Building target: SandraTest
Invoking: GCC C++ Linker
g++ `pkg-config --libs gtk+-2.0` -o "SandraTest"  ./Directory.o ./FSNode.o ./File.o ./FileSystem.o ./Node.o ./Tree.o ./main.o   
Finished building target: SandraTest
 
22:56:19 **** Incremental Build of configuration Debug for project SandraTest ****
make all 
make: Nothing to be done for `all'.
22:57:33 **** Incremental Build of configuration Debug for project MiniLib ****
make all 
make: Nothing to be done for `all'.
22:57:33 **** Incremental Build of configuration Debug for project SandraTest ****
make all 
make: stat: SandraTest: Permission denied
Building file: ../FSNode.cpp
Invoking: GCC C++ Compiler
g++ -std=c++0x -O0 -g3 -Wall -c -fmessage-length=0 `pkg-config --cflags gtk+-2.0` -I../MiniLib -MMD -MP -MF"FSNode.d" -MT"FSNode.d" -o "FSNode.o" "../FSNode.cpp"
Finished building: ../FSNode.cpp
 
Building target: SandraTest
Invoking: GCC C++ Linker
g++ `pkg-config --libs gtk+-2.0` -o "SandraTest"  ./Directory.o ./FSNode.o ./File.o ./FileSystem.o ./Node.o ./Tree.o ./main.o   
/usr/bin/ld: cannot open output file SandraTest: Permission denied
collect2: error: ld returned 1 exit status
make: *** [SandraTest] Error 1
22:57:34 **** Incremental Build of configuration Debug for project Tree ****
make all 
make: Nothing to be done for `all'.
22:57:40 **** Incremental Build of configuration Debug for project SandraTest ****
make all 
Building target: SandraTest
Invoking: GCC C++ Linker
g++ `pkg-config --libs gtk+-2.0` -o "SandraTest"  ./Directory.o ./FSNode.o ./File.o ./FileSystem.o ./Node.o ./Tree.o ./main.o   
Finished building target: SandraTest
 
23:04:42 **** Incremental Build of configuration Debug for project SandraTest ****
make all 
Building file: ../FileSystem.cpp
Invoking: GCC C++ Compiler
g++ -std=c++0x -O0 -g3 -Wall -c -fmessage-length=0 `pkg-config --cflags gtk+-2.0` -I../MiniLib -MMD -MP -MF"FileSystem.d" -MT"FileSystem.d" -o "FileSystem.o" "../FileSystem.cpp"
../FileSystem.cpp: In member function ‘virtual std::string FileSystem::getLastDir(const string&)’:
../FileSystem.cpp:106:19: warning: deprecated conversion from string constant to ‘char*’ [-Wwrite-strings]
   char *lastDir = "";
                   ^
../FileSystem.cpp: In member function ‘virtual FSNode* FileSystem::findNode(const string&, FSNode*) const’:
../FileSystem.cpp:87:1: warning: control reaches end of non-void function [-Wreturn-type]
 }
 ^
Finished building: ../FileSystem.cpp
 
Building target: SandraTest
Invoking: GCC C++ Linker
g++ `pkg-config --libs gtk+-2.0` -o "SandraTest"  ./Directory.o ./FSNode.o ./File.o ./FileSystem.o ./Node.o ./Tree.o ./main.o   
Finished building target: SandraTest
 
23:05:09 **** Incremental Build of configuration Debug for project SandraTest ****
make all 
Building file: ../FileSystem.cpp
Invoking: GCC C++ Compiler
g++ -std=c++0x -O0 -g3 -Wall -c -fmessage-length=0 `pkg-config --cflags gtk+-2.0` -I../MiniLib -MMD -MP -MF"FileSystem.d" -MT"FileSystem.d" -o "FileSystem.o" "../FileSystem.cpp"
../FileSystem.cpp: In member function ‘virtual std::string FileSystem::getLastDir(const string&)’:
../FileSystem.cpp:106:19: warning: deprecated conversion from string constant to ‘char*’ [-Wwrite-strings]
   char *lastDir = "";
                   ^
../FileSystem.cpp: In member function ‘virtual FSNode* FileSystem::findNode(const string&, FSNode*) const’:
../FileSystem.cpp:87:1: warning: control reaches end of non-void function [-Wreturn-type]
 }
 ^
Finished building: ../FileSystem.cpp
 
Building target: SandraTest
Invoking: GCC C++ Linker
g++ `pkg-config --libs gtk+-2.0` -o "SandraTest"  ./Directory.o ./FSNode.o ./File.o ./FileSystem.o ./Node.o ./Tree.o ./main.o   
Finished building target: SandraTest
 
23:10:52 **** Incremental Build of configuration Debug for project SandraTest ****
make all 
Building file: ../FileSystem.cpp
Invoking: GCC C++ Compiler
g++ -std=c++0x -O0 -g3 -Wall -c -fmessage-length=0 `pkg-config --cflags gtk+-2.0` -I../MiniLib -MMD -MP -MF"FileSystem.d" -MT"FileSystem.d" -o "FileSystem.o" "../FileSystem.cpp"
../FileSystem.cpp: In member function ‘virtual std::string FileSystem::getLastDir(const string&)’:
../FileSystem.cpp:106:19: warning: deprecated conversion from string constant to ‘char*’ [-Wwrite-strings]
   char *lastDir = "";
                   ^
../FileSystem.cpp: In member function ‘virtual FSNode* FileSystem::findNode(const string&, FSNode*) const’:
../FileSystem.cpp:87:1: warning: control reaches end of non-void function [-Wreturn-type]
 }
 ^
Finished building: ../FileSystem.cpp
 
Building target: SandraTest
Invoking: GCC C++ Linker
g++ `pkg-config --libs gtk+-2.0` -o "SandraTest"  ./Directory.o ./FSNode.o ./File.o ./FileSystem.o ./Node.o ./Tree.o ./main.o   
Finished building target: SandraTest
 
23:14:04 **** Incremental Build of configuration Debug for project SandraTest ****
make all 
make: Nothing to be done for `all'.
23:18:11 **** Incremental Build of configuration Debug for project SandraTest ****
make all 
make: Nothing to be done for `all'.
